<?xml version="1.0" encoding="UTF-8"?>
<testsuite name="shunp.geminiapi.GeminiApiApplicationTests" tests="1" skipped="0" failures="0" errors="0" timestamp="2020-03-16T13:38:34" hostname="morihiroshigenoMacBook-Pro.local" time="0.336">
  <properties/>
  <testcase name="contextLoads()" classname="shunp.geminiapi.GeminiApiApplicationTests" time="0.336"/>
  <system-out><![CDATA[22:38:24.497 [Test worker] DEBUG org.springframework.test.context.BootstrapUtils - Instantiating CacheAwareContextLoaderDelegate from class [org.springframework.test.context.cache.DefaultCacheAwareContextLoaderDelegate]
22:38:24.519 [Test worker] DEBUG org.springframework.test.context.BootstrapUtils - Instantiating BootstrapContext using constructor [public org.springframework.test.context.support.DefaultBootstrapContext(java.lang.Class,org.springframework.test.context.CacheAwareContextLoaderDelegate)]
22:38:24.580 [Test worker] DEBUG org.springframework.test.context.BootstrapUtils - Instantiating TestContextBootstrapper for test class [shunp.geminiapi.GeminiApiApplicationTests] from class [org.springframework.boot.test.context.SpringBootTestContextBootstrapper]
22:38:24.615 [Test worker] INFO org.springframework.boot.test.context.SpringBootTestContextBootstrapper - Neither @ContextConfiguration nor @ContextHierarchy found for test class [shunp.geminiapi.GeminiApiApplicationTests], using SpringBootContextLoader
22:38:24.621 [Test worker] DEBUG org.springframework.test.context.support.AbstractContextLoader - Did not detect default resource location for test class [shunp.geminiapi.GeminiApiApplicationTests]: class path resource [shunp/geminiapi/GeminiApiApplicationTests-context.xml] does not exist
22:38:24.623 [Test worker] DEBUG org.springframework.test.context.support.AbstractContextLoader - Did not detect default resource location for test class [shunp.geminiapi.GeminiApiApplicationTests]: class path resource [shunp/geminiapi/GeminiApiApplicationTestsContext.groovy] does not exist
22:38:24.624 [Test worker] INFO org.springframework.test.context.support.AbstractContextLoader - Could not detect default resource locations for test class [shunp.geminiapi.GeminiApiApplicationTests]: no resource found for suffixes {-context.xml, Context.groovy}.
22:38:24.626 [Test worker] INFO org.springframework.test.context.support.AnnotationConfigContextLoaderUtils - Could not detect default configuration classes for test class [shunp.geminiapi.GeminiApiApplicationTests]: GeminiApiApplicationTests does not declare any static, non-private, non-final, nested classes annotated with @Configuration.
22:38:24.759 [Test worker] DEBUG org.springframework.test.context.support.ActiveProfilesUtils - Could not find an 'annotation declaring class' for annotation type [org.springframework.test.context.ActiveProfiles] and class [shunp.geminiapi.GeminiApiApplicationTests]
22:38:24.889 [Test worker] DEBUG org.springframework.context.annotation.ClassPathScanningCandidateComponentProvider - Identified candidate component class: file [/Users/morihiroshige/Desktop/gemini-api/build/classes/java/main/shunp/geminiapi/GeminiApiApplication.class]
22:38:24.893 [Test worker] INFO org.springframework.boot.test.context.SpringBootTestContextBootstrapper - Found @SpringBootConfiguration shunp.geminiapi.GeminiApiApplication for test class shunp.geminiapi.GeminiApiApplicationTests
22:38:25.079 [Test worker] DEBUG org.springframework.boot.test.context.SpringBootTestContextBootstrapper - @TestExecutionListeners is not present for class [shunp.geminiapi.GeminiApiApplicationTests]: using defaults.
22:38:25.080 [Test worker] INFO org.springframework.boot.test.context.SpringBootTestContextBootstrapper - Loaded default TestExecutionListener class names from location [META-INF/spring.factories]: [org.springframework.boot.test.autoconfigure.restdocs.RestDocsTestExecutionListener, org.springframework.boot.test.autoconfigure.web.client.MockRestServiceServerResetTestExecutionListener, org.springframework.boot.test.autoconfigure.web.servlet.MockMvcPrintOnlyOnFailureTestExecutionListener, org.springframework.boot.test.autoconfigure.web.servlet.WebDriverTestExecutionListener, org.springframework.boot.test.mock.mockito.MockitoTestExecutionListener, org.springframework.boot.test.mock.mockito.ResetMocksTestExecutionListener, org.springframework.test.context.web.ServletTestExecutionListener, org.springframework.test.context.support.DirtiesContextBeforeModesTestExecutionListener, org.springframework.test.context.support.DependencyInjectionTestExecutionListener, org.springframework.test.context.support.DirtiesContextTestExecutionListener, org.springframework.test.context.transaction.TransactionalTestExecutionListener, org.springframework.test.context.jdbc.SqlScriptsTestExecutionListener, org.springframework.test.context.event.EventPublishingTestExecutionListener]
22:38:25.114 [Test worker] INFO org.springframework.boot.test.context.SpringBootTestContextBootstrapper - Using TestExecutionListeners: [org.springframework.test.context.web.ServletTestExecutionListener@1a91af76, org.springframework.test.context.support.DirtiesContextBeforeModesTestExecutionListener@3042a570, org.springframework.boot.test.mock.mockito.MockitoTestExecutionListener@45432774, org.springframework.boot.test.autoconfigure.SpringBootDependencyInjectionTestExecutionListener@69f5b25e, org.springframework.test.context.support.DirtiesContextTestExecutionListener@7e885a09, org.springframework.test.context.transaction.TransactionalTestExecutionListener@5b44198d, org.springframework.test.context.jdbc.SqlScriptsTestExecutionListener@7e0fd16, org.springframework.test.context.event.EventPublishingTestExecutionListener@43c3d8f6, org.springframework.boot.test.autoconfigure.restdocs.RestDocsTestExecutionListener@7fa79a95, org.springframework.boot.test.autoconfigure.web.client.MockRestServiceServerResetTestExecutionListener@4d46c9d, org.springframework.boot.test.autoconfigure.web.servlet.MockMvcPrintOnlyOnFailureTestExecutionListener@4dc395c, org.springframework.boot.test.autoconfigure.web.servlet.WebDriverTestExecutionListener@59854559, org.springframework.boot.test.mock.mockito.ResetMocksTestExecutionListener@1ab51fce]
22:38:25.123 [Test worker] DEBUG org.springframework.test.context.support.AbstractDirtiesContextTestExecutionListener - Before test class: context [DefaultTestContext@3a362b5e testClass = GeminiApiApplicationTests, testInstance = [null], testMethod = [null], testException = [null], mergedContextConfiguration = [WebMergedContextConfiguration@10aedb7d testClass = GeminiApiApplicationTests, locations = '{}', classes = '{class shunp.geminiapi.GeminiApiApplication}', contextInitializerClasses = '[]', activeProfiles = '{}', propertySourceLocations = '{}', propertySourceProperties = '{org.springframework.boot.test.context.SpringBootTestContextBootstrapper=true}', contextCustomizers = set[org.springframework.boot.test.autoconfigure.properties.PropertyMappingContextCustomizer@0, org.springframework.boot.test.autoconfigure.web.servlet.WebDriverContextCustomizerFactory$Customizer@43474ab8, org.springframework.boot.test.context.filter.ExcludeFilterContextCustomizer@4fe3992a, org.springframework.boot.test.json.DuplicateJsonObjectContextCustomizerFactory$DuplicateJsonObjectContextCustomizer@7665d92a, org.springframework.boot.test.mock.mockito.MockitoContextCustomizer@0, org.springframework.boot.test.web.client.TestRestTemplateContextCustomizer@140b96e1], resourceBasePath = 'src/main/webapp', contextLoader = 'org.springframework.boot.test.context.SpringBootContextLoader', parent = [null]], attributes = map['org.springframework.test.context.web.ServletTestExecutionListener.activateListener' -> true]], class annotated with @DirtiesContext [false] with mode [null].
22:38:25.186 [Test worker] DEBUG org.springframework.test.context.support.TestPropertySourceUtils - Adding inlined properties to environment: {spring.jmx.enabled=false, org.springframework.boot.test.context.SpringBootTestContextBootstrapper=true, server.port=-1}

  .   ____          _            __ _ _
 /\\ / ___'_ __ _ _(_)_ __  __ _ \ \ \ \
( ( )\___ | '_ | '_| | '_ \/ _` | \ \ \ \
 \\/  ___)| |_)| | | | | || (_| |  ) ) ) )
  '  |____| .__|_| |_|_| |_\__, | / / / /
 =========|_|==============|___/=/_/_/_/
 :: Spring Boot ::        (v2.2.5.RELEASE)

2020-03-16 22:38:26.300  INFO 4569 --- [    Test worker] s.geminiapi.GeminiApiApplicationTests    : Starting GeminiApiApplicationTests on morihiroshigenoMacBook-Pro.local with PID 4569 (started by morihiroshige in /Users/morihiroshige/Desktop/gemini-api)
2020-03-16 22:38:26.302  INFO 4569 --- [    Test worker] s.geminiapi.GeminiApiApplicationTests    : No active profile set, falling back to default profiles: default
2020-03-16 22:38:27.818  INFO 4569 --- [    Test worker] .s.d.r.c.RepositoryConfigurationDelegate : Bootstrapping Spring Data JPA repositories in DEFAULT mode.
2020-03-16 22:38:27.869  INFO 4569 --- [    Test worker] .s.d.r.c.RepositoryConfigurationDelegate : Finished Spring Data repository scanning in 23ms. Found 0 JPA repository interfaces.
2020-03-16 22:38:29.467  INFO 4569 --- [    Test worker] o.f.c.internal.license.VersionPrinter    : Flyway Community Edition 6.0.8 by Redgate
2020-03-16 22:38:29.475  INFO 4569 --- [    Test worker] com.zaxxer.hikari.HikariDataSource       : HikariPool-1 - Starting...
2020-03-16 22:38:30.716  INFO 4569 --- [    Test worker] com.zaxxer.hikari.HikariDataSource       : HikariPool-1 - Start completed.
2020-03-16 22:38:30.814  INFO 4569 --- [    Test worker] o.f.c.internal.database.DatabaseFactory  : Database: jdbc:mysql://127.0.0.1:3314/sample_db (MySQL 5.7)
2020-03-16 22:38:31.424  INFO 4569 --- [    Test worker] o.f.core.internal.command.DbClean        : Successfully cleaned schema `sample_db` (execution time 00:00.303s)
2020-03-16 22:38:31.536  INFO 4569 --- [    Test worker] o.f.core.internal.command.DbValidate     : Successfully validated 1 migration (execution time 00:00.042s)
2020-03-16 22:38:31.619  INFO 4569 --- [    Test worker] o.f.c.i.s.JdbcTableSchemaHistory         : Creating Schema History table `sample_db`.`flyway_schema_history` ...
2020-03-16 22:38:31.897  INFO 4569 --- [    Test worker] o.f.core.internal.command.DbMigrate      : Current version of schema `sample_db`: << Empty Schema >>
2020-03-16 22:38:31.912  INFO 4569 --- [    Test worker] o.f.core.internal.command.DbMigrate      : Migrating schema `sample_db` to version 1 - create table
2020-03-16 22:38:31.961  INFO 4569 --- [    Test worker] o.f.core.internal.command.DbMigrate      : Successfully applied 1 migration to schema `sample_db` (execution time 00:00.082s)
2020-03-16 22:38:32.119  INFO 4569 --- [    Test worker] o.hibernate.jpa.internal.util.LogHelper  : HHH000204: Processing PersistenceUnitInfo [name: default]
2020-03-16 22:38:32.218  INFO 4569 --- [    Test worker] org.hibernate.Version                    : HHH000412: Hibernate ORM core version 5.4.12.Final
2020-03-16 22:38:32.497  INFO 4569 --- [    Test worker] o.hibernate.annotations.common.Version   : HCANN000001: Hibernate Commons Annotations {5.1.0.Final}
2020-03-16 22:38:32.719  INFO 4569 --- [    Test worker] org.hibernate.dialect.Dialect            : HHH000400: Using dialect: org.hibernate.dialect.MySQL57Dialect
2020-03-16 22:38:33.123  INFO 4569 --- [    Test worker] o.h.e.t.j.p.i.JtaPlatformInitiator       : HHH000490: Using JtaPlatform implementation: [org.hibernate.engine.transaction.jta.platform.internal.NoJtaPlatform]
2020-03-16 22:38:33.136  INFO 4569 --- [    Test worker] j.LocalContainerEntityManagerFactoryBean : Initialized JPA EntityManagerFactory for persistence unit 'default'
2020-03-16 22:38:33.509  WARN 4569 --- [    Test worker] JpaBaseConfiguration$JpaWebConfiguration : spring.jpa.open-in-view is enabled by default. Therefore, database queries may be performed during view rendering. Explicitly configure spring.jpa.open-in-view to disable this warning
2020-03-16 22:38:33.887  INFO 4569 --- [    Test worker] o.s.s.concurrent.ThreadPoolTaskExecutor  : Initializing ExecutorService 'applicationTaskExecutor'
2020-03-16 22:38:34.552  INFO 4569 --- [    Test worker] s.geminiapi.GeminiApiApplicationTests    : Started GeminiApiApplicationTests in 9.337 seconds (JVM running for 12.347)
]]></system-out>
  <system-err><![CDATA[]]></system-err>
</testsuite>
